<?xml version="1.0" encoding="utf-8"?><testsuites name="pytest tests"><testsuite name="pytest" errors="0" failures="20" skipped="0" tests="56" time="0.646" timestamp="2026-07-29T11:33:37.054774-04:00" hostname="s172-20-180-h45.paws.uga.edu"><testcase classname="evaluator_validation.test_evaluator.TestPhaseConvention" name="test_fully_solid" time="0.001" /><testcase classname="evaluator_validation.test_evaluator.TestPhaseConvention" name="test_fully_void_does_not_crash" time="0.000" /><testcase classname="evaluator_validation.test_evaluator" name="test_exact_volume_fractions[image0-0.5]" time="0.001" /><testcase classname="evaluator_validation.test_evaluator" name="test_exact_volume_fractions[image1-0.25]" time="0.001" /><testcase classname="evaluator_validation.test_evaluator" name="test_exact_volume_fractions[image2-1.52587890625e-05]" time="0.001" /><testcase classname="evaluator_validation.test_evaluator.TestFourConnectivity" name="test_edge_connected_pixels" time="0.000" /><testcase classname="evaluator_validation.test_evaluator.TestFourConnectivity" name="test_diagonal_pixels_are_disconnected" time="0.000" /><testcase classname="evaluator_validation.test_evaluator.TestFourConnectivity" name="test_three_unequal_components" time="0.000" /><testcase classname="evaluator_validation.test_evaluator.TestPercolation" name="test_horizontal_only" time="0.000" /><testcase classname="evaluator_validation.test_evaluator.TestPercolation" name="test_vertical_only" time="0.000" /><testcase classname="evaluator_validation.test_evaluator.TestPercolation" name="test_cross_percolates_both" time="0.000" /><testcase classname="evaluator_validation.test_evaluator.TestPercolation" name="test_unrelated_left_right_contacts_do_not_percolate" time="0.000" /><testcase classname="evaluator_validation.test_evaluator.TestPercolation" name="test_unrelated_top_bottom_contacts_do_not_percolate" time="0.000" /><testcase classname="evaluator_validation.test_evaluator.TestValidityRule" name="test_valid_with_small_islands" time="0.000"><failure message="AttributeError: module 'evaluator_under_test' has no attribute 'structure_is_valid'">self = &lt;test_evaluator.TestValidityRule object at 0x107ee1de0&gt;

    def test_valid_with_small_islands(self) -&gt; None:
        image = spanning_cross()
        image[1, 1] = 1
&gt;       assert EVALUATOR.structure_is_valid(EVALUATOR.basic_metrics(image))
E       AttributeError: module 'evaluator_under_test' has no attribute 'structure_is_valid'

evaluator_validation/test_evaluator.py:158: AttributeError</failure></testcase><testcase classname="evaluator_validation.test_evaluator.TestValidityRule" name="test_invalid_at_about_95_percent_connected" time="0.000"><failure message="AttributeError: module 'evaluator_under_test' has no attribute 'structure_is_valid'">self = &lt;test_evaluator.TestValidityRule object at 0x107ee16c0&gt;

    def test_invalid_at_about_95_percent_connected(self) -&gt; None:
        image = spanning_cross()
        # Cross has 97 pixels; five isolated pixels give 97/102 = 0.95098.
        for coordinate in ((1, 1), (3, 3), (5, 5), (7, 7), (9, 9)):
            image[coordinate] = 1
        metrics = EVALUATOR.basic_metrics(image)
        assert metrics["f_largest"] == pytest.approx(97 / 102)
&gt;       assert not EVALUATOR.structure_is_valid(metrics)
E       AttributeError: module 'evaluator_under_test' has no attribute 'structure_is_valid'

evaluator_validation/test_evaluator.py:167: AttributeError</failure></testcase><testcase classname="evaluator_validation.test_evaluator.TestValidityRule" name="test_invalid_when_one_direction_is_missing" time="0.000"><failure message="AttributeError: module 'evaluator_under_test' has no attribute 'structure_is_valid'">self = &lt;test_evaluator.TestValidityRule object at 0x107ee1480&gt;

    def test_invalid_when_one_direction_is_missing(self) -&gt; None:
        image = np.zeros((64, 64), dtype=np.uint8)
        image[30:34, :] = 1
        metrics = EVALUATOR.basic_metrics(image)
        assert metrics["f_largest"] == 1.0
&gt;       assert not EVALUATOR.structure_is_valid(metrics)
E       AttributeError: module 'evaluator_under_test' has no attribute 'structure_is_valid'

evaluator_validation/test_evaluator.py:174: AttributeError</failure></testcase><testcase classname="evaluator_validation.test_evaluator.TestValidityRule" name="test_exact_threshold_is_inclusive" time="0.000"><failure message="AttributeError: module 'evaluator_under_test' has no attribute 'structure_is_valid'">self = &lt;test_evaluator.TestValidityRule object at 0x107ee2e00&gt;

    def test_exact_threshold_is_inclusive(self) -&gt; None:
        image = spanning_cross()
        image[23, 23] = 1  # adjacent to the cross: main component is now 98
        image[1, 1] = 1
        image[3, 3] = 1
        metrics = EVALUATOR.basic_metrics(image)
        assert metrics["f_largest"] == 0.98
&gt;       assert EVALUATOR.structure_is_valid(metrics)
E       AttributeError: module 'evaluator_under_test' has no attribute 'structure_is_valid'

evaluator_validation/test_evaluator.py:183: AttributeError</failure></testcase><testcase classname="evaluator_validation.test_evaluator.TestValidityRule" name="test_below_threshold_is_invalid" time="0.000"><failure message="AttributeError: module 'evaluator_under_test' has no attribute 'structure_is_valid'">self = &lt;test_evaluator.TestValidityRule object at 0x107ee30d0&gt;

    def test_below_threshold_is_invalid(self) -&gt; None:
        image = spanning_cross()
        image[3, 3] = 1
        image[5, 5] = 1
        metrics = EVALUATOR.basic_metrics(image)
        assert metrics["f_largest"] == pytest.approx(97 / 99)
        assert metrics["f_largest"] &lt; 0.98
&gt;       assert not EVALUATOR.structure_is_valid(metrics)
E       AttributeError: module 'evaluator_under_test' has no attribute 'structure_is_valid'

evaluator_validation/test_evaluator.py:192: AttributeError</failure></testcase><testcase classname="evaluator_validation.test_evaluator.TestLocalDimensions" name="test_uniform_bar_calibrates_to_nominal_width[2]" time="0.001" /><testcase classname="evaluator_validation.test_evaluator.TestLocalDimensions" name="test_uniform_bar_calibrates_to_nominal_width[4]" time="0.002"><failure message="assert 2.0 == 4 ± 1&#10;  &#10;  comparison failed&#10;  Obtained: 2.0&#10;  Expected: 4 ± 1">self = &lt;test_evaluator.TestLocalDimensions object at 0x107ee3730&gt;, width = 4

    @pytest.mark.parametrize("width", [2, 4, 8, 16])
    def test_uniform_bar_calibrates_to_nominal_width(self, width: int) -&gt; None:
        image = np.zeros((128, 128), dtype=np.uint8)
        start = 64 - width // 2
        image[start : start + width, 10:118] = 1
        values = EVALUATOR.local_dimensions(image)["strut_diameters"]
&gt;       assert float(np.median(values)) == pytest.approx(width, abs=1.0)
E       assert 2.0 == 4 ± 1
E         
E         comparison failed
E         Obtained: 2.0
E         Expected: 4 ± 1

evaluator_validation/test_evaluator.py:202: AssertionError</failure></testcase><testcase classname="evaluator_validation.test_evaluator.TestLocalDimensions" name="test_uniform_bar_calibrates_to_nominal_width[8]" time="0.002"><failure message="assert 4.0 == 8 ± 1&#10;  &#10;  comparison failed&#10;  Obtained: 4.0&#10;  Expected: 8 ± 1">self = &lt;test_evaluator.TestLocalDimensions object at 0x107ee37f0&gt;, width = 8

    @pytest.mark.parametrize("width", [2, 4, 8, 16])
    def test_uniform_bar_calibrates_to_nominal_width(self, width: int) -&gt; None:
        image = np.zeros((128, 128), dtype=np.uint8)
        start = 64 - width // 2
        image[start : start + width, 10:118] = 1
        values = EVALUATOR.local_dimensions(image)["strut_diameters"]
&gt;       assert float(np.median(values)) == pytest.approx(width, abs=1.0)
E       assert 4.0 == 8 ± 1
E         
E         comparison failed
E         Obtained: 4.0
E         Expected: 8 ± 1

evaluator_validation/test_evaluator.py:202: AssertionError</failure></testcase><testcase classname="evaluator_validation.test_evaluator.TestLocalDimensions" name="test_uniform_bar_calibrates_to_nominal_width[16]" time="0.001"><failure message="assert 8.0 == 16 ± 1&#10;  &#10;  comparison failed&#10;  Obtained: 8.0&#10;  Expected: 16 ± 1">self = &lt;test_evaluator.TestLocalDimensions object at 0x107ee38b0&gt;, width = 16

    @pytest.mark.parametrize("width", [2, 4, 8, 16])
    def test_uniform_bar_calibrates_to_nominal_width(self, width: int) -&gt; None:
        image = np.zeros((128, 128), dtype=np.uint8)
        start = 64 - width // 2
        image[start : start + width, 10:118] = 1
        values = EVALUATOR.local_dimensions(image)["strut_diameters"]
&gt;       assert float(np.median(values)) == pytest.approx(width, abs=1.0)
E       assert 8.0 == 16 ± 1
E         
E         comparison failed
E         Obtained: 8.0
E         Expected: 16 ± 1

evaluator_validation/test_evaluator.py:202: AssertionError</failure></testcase><testcase classname="evaluator_validation.test_evaluator.TestLocalDimensions" name="test_bar_width_response_is_monotonic_and_linear" time="0.003"><failure message="assert np.False_&#10; +  where np.False_ = &lt;function all at 0x1044885f0&gt;(array([0., 2., 4.]) &gt; 0)&#10; +    where &lt;function all at 0x1044885f0&gt; = np.all&#10; +    and   array([0., 2., 4.]) = &lt;function diff at 0x104aa1f70&gt;(array([2., 2., 4., 8.]))&#10; +      where &lt;function diff at 0x104aa1f70&gt; = np.diff">self = &lt;test_evaluator.TestLocalDimensions object at 0x107ee3b50&gt;

    def test_bar_width_response_is_monotonic_and_linear(self) -&gt; None:
        nominal = np.array([2.0, 4.0, 8.0, 16.0])
        measured = []
        for width in nominal.astype(int):
            image = np.zeros((128, 128), dtype=np.uint8)
            start = 64 - width // 2
            image[start : start + width, 10:118] = 1
            measured.append(
                np.median(EVALUATOR.local_dimensions(image)["strut_diameters"])
            )
        measured_array = np.asarray(measured)
&gt;       assert np.all(np.diff(measured_array) &gt; 0)
E       assert np.False_
E        +  where np.False_ = &lt;function all at 0x1044885f0&gt;(array([0., 2., 4.]) &gt; 0)
E        +    where &lt;function all at 0x1044885f0&gt; = np.all
E        +    and   array([0., 2., 4.]) = &lt;function diff at 0x104aa1f70&gt;(array([2., 2., 4., 8.]))
E        +      where &lt;function diff at 0x104aa1f70&gt; = np.diff

evaluator_validation/test_evaluator.py:216: AssertionError</failure></testcase><testcase classname="evaluator_validation.test_evaluator.TestLocalDimensions" name="test_mixed_width_p10_tracks_thinner_feature" time="0.001"><failure message="assert 2.0 == 4.0 ± 1&#10;  &#10;  comparison failed&#10;  Obtained: 2.0&#10;  Expected: 4.0 ± 1">self = &lt;test_evaluator.TestLocalDimensions object at 0x107ee3e20&gt;

    def test_mixed_width_p10_tracks_thinner_feature(self) -&gt; None:
        image = np.zeros((128, 128), dtype=np.uint8)
        image[20:24, 10:118] = 1
        image[80:90, 10:118] = 1
        values = EVALUATOR.local_dimensions(image)["strut_diameters"]
        assert 4.0 &lt;= float(np.mean(values)) &lt;= 10.0
&gt;       assert float(np.percentile(values, 10)) == pytest.approx(4.0, abs=1.0)
E       assert 2.0 == 4.0 ± 1
E         
E         comparison failed
E         Obtained: 2.0
E         Expected: 4.0 ± 1

evaluator_validation/test_evaluator.py:226: AssertionError</failure></testcase><testcase classname="evaluator_validation.test_evaluator.TestLocalDimensions" name="test_one_pixel_line_is_finite" time="0.000" /><testcase classname="evaluator_validation.test_evaluator.TestLocalDimensions" name="test_circular_pore_calibrates_to_diameter[5]" time="0.001"><failure message="assert 81 == 1&#10; +  where 81 = array([ 2.        ,  2.        ,  2.        ,  2.        ,  2.82842712,\n        2.        ,  2.        ,  2.        , ...  2.        ,  2.        ,\n        2.        ,  2.82842712,  2.        ,  2.        ,  2.        ,\n        2.        ]).size">self = &lt;test_evaluator.TestLocalDimensions object at 0x107f0c490&gt;, radius = 5

    @pytest.mark.parametrize("radius", [5, 10, 20])
    def test_circular_pore_calibrates_to_diameter(self, radius: int) -&gt; None:
        values = EVALUATOR.local_dimensions(
            disk_void(128, radius)
        )["pore_diameters"]
&gt;       assert values.size == 1
E       assert 81 == 1
E        +  where 81 = array([ 2.        ,  2.        ,  2.        ,  2.        ,  2.82842712,\n        2.        ,  2.        ,  2.        , ...  2.        ,  2.        ,\n        2.        ,  2.82842712,  2.        ,  2.        ,  2.        ,\n        2.        ]).size

evaluator_validation/test_evaluator.py:241: AssertionError</failure></testcase><testcase classname="evaluator_validation.test_evaluator.TestLocalDimensions" name="test_circular_pore_calibrates_to_diameter[10]" time="0.001"><failure message="assert 317 == 1&#10; +  where 317 = array([ 2.        ,  2.        ,  2.        ,  2.        ,  2.        ,\n        2.82842712,  2.        ,  2.        , ...  2.        ,\n        2.        ,  2.82842712,  2.        ,  2.        ,  2.        ,\n        2.        ,  2.        ]).size">self = &lt;test_evaluator.TestLocalDimensions object at 0x107f0c6d0&gt;, radius = 10

    @pytest.mark.parametrize("radius", [5, 10, 20])
    def test_circular_pore_calibrates_to_diameter(self, radius: int) -&gt; None:
        values = EVALUATOR.local_dimensions(
            disk_void(128, radius)
        )["pore_diameters"]
&gt;       assert values.size == 1
E       assert 317 == 1
E        +  where 317 = array([ 2.        ,  2.        ,  2.        ,  2.        ,  2.        ,\n        2.82842712,  2.        ,  2.        , ...  2.        ,\n        2.        ,  2.82842712,  2.        ,  2.        ,  2.        ,\n        2.        ,  2.        ]).size

evaluator_validation/test_evaluator.py:241: AssertionError</failure></testcase><testcase classname="evaluator_validation.test_evaluator.TestLocalDimensions" name="test_circular_pore_calibrates_to_diameter[20]" time="0.001"><failure message="assert 1257 == 1&#10; +  where 1257 = array([2., 2., 2., ..., 2., 2., 2.], shape=(1257,)).size">self = &lt;test_evaluator.TestLocalDimensions object at 0x107f0c790&gt;, radius = 20

    @pytest.mark.parametrize("radius", [5, 10, 20])
    def test_circular_pore_calibrates_to_diameter(self, radius: int) -&gt; None:
        values = EVALUATOR.local_dimensions(
            disk_void(128, radius)
        )["pore_diameters"]
&gt;       assert values.size == 1
E       assert 1257 == 1
E        +  where 1257 = array([2., 2., 2., ..., 2., 2., 2.], shape=(1257,)).size

evaluator_validation/test_evaluator.py:241: AssertionError</failure></testcase><testcase classname="evaluator_validation.test_evaluator.TestLocalDimensions" name="test_two_pores_are_weighted_per_pore" time="0.002"><failure message="assert 790 == 2&#10; +  where 790 = array([ 2.        ,  2.        ,  2.        ,  2.        ,  2.        ,\n        2.        ,  2.        ,  2.        , ...488798, 27.78488798, 27.78488798, 27.78488798,\n       28.0713377 , 28.0713377 , 28.0713377 , 28.0713377 , 30.06659276]).size">self = &lt;test_evaluator.TestLocalDimensions object at 0x107ee3c70&gt;

    def test_two_pores_are_weighted_per_pore(self) -&gt; None:
        image = np.ones((160, 160), dtype=np.uint8)
        yy, xx = np.ogrid[:160, :160]
        image[(yy - 50) ** 2 + (xx - 50) ** 2 &lt;= 5**2] = 0
        image[(yy - 105) ** 2 + (xx - 105) ** 2 &lt;= 15**2] = 0
        values = np.sort(EVALUATOR.local_dimensions(image)["pore_diameters"])
&gt;       assert values.size == 2
E       assert 790 == 2
E        +  where 790 = array([ 2.        ,  2.        ,  2.        ,  2.        ,  2.        ,\n        2.        ,  2.        ,  2.        , ...488798, 27.78488798, 27.78488798, 27.78488798,\n       28.0713377 , 28.0713377 , 28.0713377 , 28.0713377 , 30.06659276]).size

evaluator_validation/test_evaluator.py:250: AssertionError</failure></testcase><testcase classname="evaluator_validation.test_evaluator.TestLocalDimensions" name="test_open_edge_void_is_excluded_from_pore_population" time="0.001"><failure message="assert 480 == 0&#10; +  where 480 = array([ 2.,  2.,  2.,  2.,  2.,  2.,  2.,  2.,  2.,  2.,  2.,  2.,  2.,\n        2.,  2.,  2.,  2.,  2.,  2.,  2.,  4.,...,  4.,  2.,  2.,  2.,  2.,  2.,  2.,  2.,  2.,  2.,\n        2.,  2.,  2.,  2.,  2.,  2.,  2.,  2.,  2.,  2.,  2.,  2.]).size">self = &lt;test_evaluator.TestLocalDimensions object at 0x107ee3b20&gt;

    def test_open_edge_void_is_excluded_from_pore_population(self) -&gt; None:
        image = np.ones((64, 64), dtype=np.uint8)
        image[20:44, :20] = 0
        values = EVALUATOR.local_dimensions(image)["pore_diameters"]
&gt;       assert values.size == 0
E       assert 480 == 0
E        +  where 480 = array([ 2.,  2.,  2.,  2.,  2.,  2.,  2.,  2.,  2.,  2.,  2.,  2.,  2.,\n        2.,  2.,  2.,  2.,  2.,  2.,  2.,  4.,...,  4.,  2.,  2.,  2.,  2.,  2.,  2.,  2.,  2.,  2.,\n        2.,  2.,  2.,  2.,  2.,  2.,  2.,  2.,  2.,  2.,  2.,  2.]).size

evaluator_validation/test_evaluator.py:259: AssertionError</failure></testcase><testcase classname="evaluator_validation.test_evaluator.TestS2" name="test_solid_and_void_limits" time="0.000" /><testcase classname="evaluator_validation.test_evaluator.TestS2" name="test_target_against_itself_is_zero" time="0.000" /><testcase classname="evaluator_validation.test_evaluator.TestS2" name="test_bernoulli_field_approaches_p_squared" time="0.007" /><testcase classname="evaluator_validation.test_evaluator.TestS2" name="test_translation_and_rotation_invariance" time="0.000" /><testcase classname="evaluator_validation.test_evaluator.TestLinealPath" name="test_solid_and_void_limits" time="0.001" /><testcase classname="evaluator_validation.test_evaluator.TestLinealPath" name="test_target_against_itself_is_zero" time="0.001" /><testcase classname="evaluator_validation.test_evaluator.TestLinealPath" name="test_directional_bar_response" time="0.000"><failure message="AttributeError: module 'evaluator_under_test' has no attribute 'lineal_path_periodic_directional'">self = &lt;test_evaluator.TestLinealPath object at 0x107f0c040&gt;

    def test_directional_bar_response(self) -&gt; None:
        horizontal = np.zeros((64, 64), dtype=np.uint8)
        horizontal[30:34, :] = 1
        vertical = horizontal.T.copy()
&gt;       horizontal_curves = EVALUATOR.lineal_path_periodic_directional(
            horizontal, 12
        )
E       AttributeError: module 'evaluator_under_test' has no attribute 'lineal_path_periodic_directional'

evaluator_validation/test_evaluator.py:321: AttributeError</failure></testcase><testcase classname="evaluator_validation.test_evaluator.TestLinealPath" name="test_broken_bar_reduces_full_segment_probability" time="0.000"><failure message="AttributeError: module 'evaluator_under_test' has no attribute 'lineal_path_periodic_directional'">self = &lt;test_evaluator.TestLinealPath object at 0x107f0caf0&gt;

    def test_broken_bar_reduces_full_segment_probability(self) -&gt; None:
        continuous = np.zeros((64, 64), dtype=np.uint8)
        continuous[30:34, :] = 1
        broken = continuous.copy()
        broken[:, 32] = 0
&gt;       full = EVALUATOR.lineal_path_periodic_directional(continuous, 20)
E       AttributeError: module 'evaluator_under_test' has no attribute 'lineal_path_periodic_directional'

evaluator_validation/test_evaluator.py:333: AttributeError</failure></testcase><testcase classname="evaluator_validation.test_evaluator.TestNRMSE" name="test_direct_arrays" time="0.000" /><testcase classname="evaluator_validation.test_evaluator.TestNRMSE" name="test_constant_zero_target_is_safe" time="0.000" /><testcase classname="evaluator_validation.test_evaluator.TestSampleDiscoveryAndCleaning" name="test_discovery_is_npy_only_natural_and_audited" time="0.003"><failure message="AttributeError: module 'evaluator_under_test' has no attribute 'audit_sample_seeds'">self = &lt;test_evaluator.TestSampleDiscoveryAndCleaning object at 0x107f0d3f0&gt;
tmp_path = PosixPath('/private/var/folders/rr/yrmvkqhx5sb61sj3ssdzrxlm0000gn/T/pytest-of-saahildoshi/pytest-3/test_discovery_is_npy_only_nat0')

    def test_discovery_is_npy_only_natural_and_audited(self, tmp_path: Path) -&gt; None:
        array = np.zeros((8, 8), dtype=np.uint8)
        np.save(tmp_path / "sample_001.npy", array)
        np.save(tmp_path / "sample_000.npy", array)
        np.save(tmp_path / "sample_000_copy.npy", array)
        (tmp_path / "sample_002.png").write_bytes(b"plot")
        (tmp_path / "notes.txt").write_text("notes", encoding="utf-8")
        (tmp_path / "subfolder").mkdir()
        discovered = EVALUATOR.find_samples(tmp_path)
        assert [path.name for path in discovered] == [
            "sample_000.npy",
            "sample_000_copy.npy",
            "sample_001.npy",
        ]
&gt;       audit = EVALUATOR.audit_sample_seeds(discovered, expected_seeds=range(3))
E       AttributeError: module 'evaluator_under_test' has no attribute 'audit_sample_seeds'

evaluator_validation/test_evaluator.py:368: AttributeError</failure></testcase><testcase classname="evaluator_validation.test_evaluator.TestSampleDiscoveryAndCleaning" name="test_supported_binary_encodings[array0]" time="0.001" /><testcase classname="evaluator_validation.test_evaluator.TestSampleDiscoveryAndCleaning" name="test_supported_binary_encodings[array1]" time="0.001" /><testcase classname="evaluator_validation.test_evaluator.TestSampleDiscoveryAndCleaning" name="test_supported_binary_encodings[array2]" time="0.001" /><testcase classname="evaluator_validation.test_evaluator.TestSampleDiscoveryAndCleaning" name="test_malformed_inputs_are_rejected[array0]" time="0.001" /><testcase classname="evaluator_validation.test_evaluator.TestSampleDiscoveryAndCleaning" name="test_malformed_inputs_are_rejected[array1]" time="0.001" /><testcase classname="evaluator_validation.test_evaluator.TestSampleDiscoveryAndCleaning" name="test_malformed_inputs_are_rejected[array2]" time="0.001" /><testcase classname="evaluator_validation.test_evaluator.TestSampleDiscoveryAndCleaning" name="test_malformed_inputs_are_rejected[array3]" time="0.001" /><testcase classname="evaluator_validation.test_evaluator.TestSampleDiscoveryAndCleaning" name="test_malformed_inputs_are_rejected[array4]" time="0.001" /><testcase classname="evaluator_validation.test_evaluator.TestSampleDiscoveryAndCleaning" name="test_malformed_inputs_are_rejected[array5]" time="0.001" /><testcase classname="evaluator_validation.test_evaluator.TestSampleDiscoveryAndCleaning" name="test_wrong_shape_is_rejected" time="0.001" /><testcase classname="evaluator_validation.test_evaluator.TestEnsembleStatistics" name="test_population_standard_deviation" time="0.000"><failure message="assert 0.19999999999999998 == 0.16329931618554522 ± 1.6e-07&#10;  &#10;  comparison failed&#10;  Obtained: 0.19999999999999998&#10;  Expected: 0.16329931618554522 ± 1.6e-07">self = &lt;test_evaluator.TestEnsembleStatistics object at 0x107ee3b80&gt;

    def test_population_standard_deviation(self) -&gt; None:
        records = [{"phi_s": value} for value in (0.2, 0.4, 0.6)]
        summary = EVALUATOR.metric_summary(records, "phi_s")
        assert summary["mean"] == pytest.approx(0.4)
&gt;       assert summary["std"] == pytest.approx(0.16329931618554522)
E       assert 0.19999999999999998 == 0.16329931618554522 ± 1.6e-07
E         
E         comparison failed
E         Obtained: 0.19999999999999998
E         Expected: 0.16329931618554522 ± 1.6e-07

evaluator_validation/test_evaluator.py:421: AssertionError</failure></testcase><testcase classname="evaluator_validation.test_evaluator.TestEnsembleStatistics" name="test_diversity_ranking" time="0.002" /><testcase classname="evaluator_validation.test_evaluator.TestEnsembleStatistics" name="test_base_package_all_and_valid_aggregates" time="0.195" /><testcase classname="evaluator_validation.test_evaluator.TestCopyDetection" name="test_transformation_aware_ordering_and_flags" time="0.000"><failure message="AttributeError: module 'evaluator_under_test' has no attribute 'transformation_aware_similarity'">self = &lt;test_evaluator.TestCopyDetection object at 0x107f0d4e0&gt;

    def test_transformation_aware_ordering_and_flags(self) -&gt; None:
        rng = np.random.default_rng(31)
        target = (rng.random((64, 64)) &lt; 0.37).astype(np.uint8)
        noisy = target.copy().ravel()
        changed = rng.choice(noisy.size, size=int(0.01 * noisy.size), replace=False)
        noisy[changed] = 1 - noisy[changed]
        cases = {
            "exact": target,
            "shifted": np.roll(target, (5, 9), axis=(0, 1)),
            "rotated": np.rot90(target),
            "mirrored": np.fliplr(target),
            "one_percent_noise": noisy.reshape(target.shape),
            "unrelated": (rng.random(target.shape) &lt; 0.37).astype(np.uint8),
        }
&gt;       results = {
            name: EVALUATOR.transformation_aware_similarity(sample, target)
            for name, sample in cases.items()
        }

evaluator_validation/test_evaluator.py:484: 
_ _ _ _ _ _ _ _ _ _ _ _ _ _ _ _ _ _ _ _ _ _ _ _ _ _ _ _ _ _ _ _ _ _ _ _ _ _ _ _ 

.0 = &lt;dict_itemiterator object at 0x105f30590&gt;

    results = {
&gt;       name: EVALUATOR.transformation_aware_similarity(sample, target)
        for name, sample in cases.items()
    }
E   AttributeError: module 'evaluator_under_test' has no attribute 'transformation_aware_similarity'

evaluator_validation/test_evaluator.py:485: AttributeError</failure></testcase><testcase classname="evaluator_validation.test_evaluator" name="test_repeated_function_evaluation_is_identical" time="0.002" /></testsuite></testsuites>