<?xml version="1.0" encoding="utf-8"?><testsuites name="pytest tests"><testsuite name="pytest" errors="0" failures="0" skipped="0" tests="56" time="0.698" timestamp="2026-07-29T11:37:28.082416-04:00" hostname="s172-20-180-h45.paws.uga.edu"><testcase classname="evaluator_validation.test_evaluator.TestPhaseConvention" name="test_fully_solid" time="0.001" /><testcase classname="evaluator_validation.test_evaluator.TestPhaseConvention" name="test_fully_void_does_not_crash" time="0.001" /><testcase classname="evaluator_validation.test_evaluator" name="test_exact_volume_fractions[image0-0.5]" time="0.001" /><testcase classname="evaluator_validation.test_evaluator" name="test_exact_volume_fractions[image1-0.25]" time="0.001" /><testcase classname="evaluator_validation.test_evaluator" name="test_exact_volume_fractions[image2-1.52587890625e-05]" time="0.001" /><testcase classname="evaluator_validation.test_evaluator.TestFourConnectivity" name="test_edge_connected_pixels" time="0.000" /><testcase classname="evaluator_validation.test_evaluator.TestFourConnectivity" name="test_diagonal_pixels_are_disconnected" time="0.000" /><testcase classname="evaluator_validation.test_evaluator.TestFourConnectivity" name="test_three_unequal_components" time="0.000" /><testcase classname="evaluator_validation.test_evaluator.TestPercolation" name="test_horizontal_only" time="0.000" /><testcase classname="evaluator_validation.test_evaluator.TestPercolation" name="test_vertical_only" time="0.000" /><testcase classname="evaluator_validation.test_evaluator.TestPercolation" name="test_cross_percolates_both" time="0.000" /><testcase classname="evaluator_validation.test_evaluator.TestPercolation" name="test_unrelated_left_right_contacts_do_not_percolate" time="0.000" /><testcase classname="evaluator_validation.test_evaluator.TestPercolation" name="test_unrelated_top_bottom_contacts_do_not_percolate" time="0.000" /><testcase classname="evaluator_validation.test_evaluator.TestValidityRule" name="test_valid_with_small_islands" time="0.000" /><testcase classname="evaluator_validation.test_evaluator.TestValidityRule" name="test_invalid_at_about_95_percent_connected" time="0.000" /><testcase classname="evaluator_validation.test_evaluator.TestValidityRule" name="test_invalid_when_one_direction_is_missing" time="0.000" /><testcase classname="evaluator_validation.test_evaluator.TestValidityRule" name="test_exact_threshold_is_inclusive" time="0.000" /><testcase classname="evaluator_validation.test_evaluator.TestValidityRule" name="test_below_threshold_is_invalid" time="0.000" /><testcase classname="evaluator_validation.test_evaluator.TestLocalDimensions" name="test_uniform_bar_calibrates_to_nominal_width[2]" time="0.001" /><testcase classname="evaluator_validation.test_evaluator.TestLocalDimensions" name="test_uniform_bar_calibrates_to_nominal_width[4]" time="0.001" /><testcase classname="evaluator_validation.test_evaluator.TestLocalDimensions" name="test_uniform_bar_calibrates_to_nominal_width[8]" time="0.001" /><testcase classname="evaluator_validation.test_evaluator.TestLocalDimensions" name="test_uniform_bar_calibrates_to_nominal_width[16]" time="0.001" /><testcase classname="evaluator_validation.test_evaluator.TestLocalDimensions" name="test_bar_width_response_is_monotonic_and_linear" time="0.004" /><testcase classname="evaluator_validation.test_evaluator.TestLocalDimensions" name="test_mixed_width_p10_tracks_thinner_feature" time="0.001" /><testcase classname="evaluator_validation.test_evaluator.TestLocalDimensions" name="test_one_pixel_line_is_finite" time="0.001" /><testcase classname="evaluator_validation.test_evaluator.TestLocalDimensions" name="test_circular_pore_calibrates_to_diameter[5]" time="0.002" /><testcase classname="evaluator_validation.test_evaluator.TestLocalDimensions" name="test_circular_pore_calibrates_to_diameter[10]" time="0.002" /><testcase classname="evaluator_validation.test_evaluator.TestLocalDimensions" name="test_circular_pore_calibrates_to_diameter[20]" time="0.002" /><testcase classname="evaluator_validation.test_evaluator.TestLocalDimensions" name="test_two_pores_are_weighted_per_pore" time="0.003" /><testcase classname="evaluator_validation.test_evaluator.TestLocalDimensions" name="test_open_edge_void_is_excluded_from_pore_population" time="0.001" /><testcase classname="evaluator_validation.test_evaluator.TestS2" name="test_solid_and_void_limits" time="0.001" /><testcase classname="evaluator_validation.test_evaluator.TestS2" name="test_target_against_itself_is_zero" time="0.000" /><testcase classname="evaluator_validation.test_evaluator.TestS2" name="test_bernoulli_field_approaches_p_squared" time="0.009" /><testcase classname="evaluator_validation.test_evaluator.TestS2" name="test_translation_and_rotation_invariance" time="0.001" /><testcase classname="evaluator_validation.test_evaluator.TestLinealPath" name="test_solid_and_void_limits" time="0.002" /><testcase classname="evaluator_validation.test_evaluator.TestLinealPath" name="test_target_against_itself_is_zero" time="0.001" /><testcase classname="evaluator_validation.test_evaluator.TestLinealPath" name="test_directional_bar_response" time="0.001" /><testcase classname="evaluator_validation.test_evaluator.TestLinealPath" name="test_broken_bar_reduces_full_segment_probability" time="0.001" /><testcase classname="evaluator_validation.test_evaluator.TestNRMSE" name="test_direct_arrays" time="0.000" /><testcase classname="evaluator_validation.test_evaluator.TestNRMSE" name="test_constant_zero_target_is_safe" time="0.000" /><testcase classname="evaluator_validation.test_evaluator.TestSampleDiscoveryAndCleaning" name="test_discovery_is_npy_only_natural_and_audited" time="0.006" /><testcase classname="evaluator_validation.test_evaluator.TestSampleDiscoveryAndCleaning" name="test_supported_binary_encodings[array0]" time="0.001" /><testcase classname="evaluator_validation.test_evaluator.TestSampleDiscoveryAndCleaning" name="test_supported_binary_encodings[array1]" time="0.001" /><testcase classname="evaluator_validation.test_evaluator.TestSampleDiscoveryAndCleaning" name="test_supported_binary_encodings[array2]" time="0.001" /><testcase classname="evaluator_validation.test_evaluator.TestSampleDiscoveryAndCleaning" name="test_malformed_inputs_are_rejected[array0]" time="0.001" /><testcase classname="evaluator_validation.test_evaluator.TestSampleDiscoveryAndCleaning" name="test_malformed_inputs_are_rejected[array1]" time="0.001" /><testcase classname="evaluator_validation.test_evaluator.TestSampleDiscoveryAndCleaning" name="test_malformed_inputs_are_rejected[array2]" time="0.001" /><testcase classname="evaluator_validation.test_evaluator.TestSampleDiscoveryAndCleaning" name="test_malformed_inputs_are_rejected[array3]" time="0.001" /><testcase classname="evaluator_validation.test_evaluator.TestSampleDiscoveryAndCleaning" name="test_malformed_inputs_are_rejected[array4]" time="0.001" /><testcase classname="evaluator_validation.test_evaluator.TestSampleDiscoveryAndCleaning" name="test_malformed_inputs_are_rejected[array5]" time="0.001" /><testcase classname="evaluator_validation.test_evaluator.TestSampleDiscoveryAndCleaning" name="test_wrong_shape_is_rejected" time="0.001" /><testcase classname="evaluator_validation.test_evaluator.TestEnsembleStatistics" name="test_population_standard_deviation" time="0.000" /><testcase classname="evaluator_validation.test_evaluator.TestEnsembleStatistics" name="test_diversity_ranking" time="0.003" /><testcase classname="evaluator_validation.test_evaluator.TestEnsembleStatistics" name="test_base_package_all_and_valid_aggregates" time="0.226" /><testcase classname="evaluator_validation.test_evaluator.TestCopyDetection" name="test_transformation_aware_ordering_and_flags" time="0.005" /><testcase classname="evaluator_validation.test_evaluator" name="test_repeated_function_evaluation_is_identical" time="0.002" /></testsuite></testsuites>